# JRE version: Java(TM) SE Runtime Environment (8.0_91-b15) (build 1.8.0_91-b15)
# Java VM: Java HotSpot(TM) 64-Bit Server VM (25.91-b15 mixed mode windows-amd64 compressed oops)
Heap:
 PSYoungGen      total 65536K, used 23567K [0x00000000d5c00000, 0x00000000da480000, 0x0000000100000000)
  eden space 60928K, 31% used [0x00000000d5c00000,0x00000000d6e91c10,0x00000000d9780000)
  from space 4608K, 98% used [0x00000000d9d00000,0x00000000da172080,0x00000000da180000)
  to   space 3072K, 0% used [0x00000000da180000,0x00000000da180000,0x00000000da480000)
 ParOldGen       total 59392K, used 8292K [0x0000000081400000, 0x0000000084e00000, 0x00000000d5c00000)
  object space 59392K, 13% used [0x0000000081400000,0x0000000081c192b8,0x0000000084e00000)
 Metaspace       used 30068K, capacity 30436K, committed 30720K, reserved 1075200K
  class space    used 4135K, capacity 4232K, committed 4352K, reserved 1048576K
GC Heap History (10 events):
Event: 1.817 GC heap before
{Heap before GC invocations=2 (full 0):
 PSYoungGen      total 38400K, used 37985K [0x00000000d5c00000, 0x00000000d8680000, 0x0000000100000000)
  eden space 33280K, 100% used [0x00000000d5c00000,0x00000000d7c80000,0x00000000d7c80000)
  from space 5120K, 91% used [0x00000000d7c80000,0x00000000d81184e0,0x00000000d8180000)
  to   space 5120K, 0% used [0x00000000d8180000,0x00000000d8180000,0x00000000d8680000)
 ParOldGen       total 87552K, used 8K [0x0000000081400000, 0x0000000086980000, 0x00000000d5c00000)
  object space 87552K, 0% used [0x0000000081400000,0x0000000081402000,0x0000000086980000)
 Metaspace       used 19240K, capacity 19428K, committed 19712K, reserved 1067008K
  class space    used 2651K, capacity 2732K, committed 2816K, reserved 1048576K
Event: 1.827 GC heap after
Heap after GC invocations=2 (full 0):
 PSYoungGen      total 38400K, used 5106K [0x00000000d5c00000, 0x00000000da700000, 0x0000000100000000)
  eden space 33280K, 0% used [0x00000000d5c00000,0x00000000d5c00000,0x00000000d7c80000)
  from space 5120K, 99% used [0x00000000d8180000,0x00000000d867cb18,0x00000000d8680000)
  to   space 5120K, 0% used [0x00000000d7c80000,0x00000000d7c80000,0x00000000d8180000)
 ParOldGen       total 87552K, used 1572K [0x0000000081400000, 0x0000000086980000, 0x00000000d5c00000)
  object space 87552K, 1% used [0x0000000081400000,0x00000000815891f0,0x0000000086980000)
 Metaspace       used 19240K, capacity 19428K, committed 19712K, reserved 1067008K
  class space    used 2651K, capacity 2732K, committed 2816K, reserved 1048576K
}
Event: 2.238 GC heap before
{Heap before GC invocations=3 (full 0):
 PSYoungGen      total 38400K, used 19987K [0x00000000d5c00000, 0x00000000da700000, 0x0000000100000000)
  eden space 33280K, 44% used [0x00000000d5c00000,0x00000000d6a88208,0x00000000d7c80000)
  from space 5120K, 99% used [0x00000000d8180000,0x00000000d867cb18,0x00000000d8680000)
  to   space 5120K, 0% used [0x00000000d7c80000,0x00000000d7c80000,0x00000000d8180000)
 ParOldGen       total 87552K, used 1572K [0x0000000081400000, 0x0000000086980000, 0x00000000d5c00000)
  object space 87552K, 1% used [0x0000000081400000,0x00000000815891f0,0x0000000086980000)
 Metaspace       used 20889K, capacity 21058K, committed 21296K, reserved 1067008K
  class space    used 2857K, capacity 2929K, committed 2944K, reserved 1048576K
Event: 2.244 GC heap after
Heap after GC invocations=3 (full 0):
 PSYoungGen      total 38400K, used 4918K [0x00000000d5c00000, 0x00000000da700000, 0x0000000100000000)
  eden space 33280K, 0% used [0x00000000d5c00000,0x00000000d5c00000,0x00000000d7c80000)
  from space 5120K, 96% used [0x00000000d7c80000,0x00000000d814dbe8,0x00000000d8180000)
  to   space 5120K, 0% used [0x00000000da200000,0x00000000da200000,0x00000000da700000)
 ParOldGen       total 87552K, used 1580K [0x0000000081400000, 0x0000000086980000, 0x00000000d5c00000)
  object space 87552K, 1% used [0x0000000081400000,0x000000008158b1f0,0x0000000086980000)
 Metaspace       used 20889K, capacity 21058K, committed 21296K, reserved 1067008K
  class space    used 2857K, capacity 2929K, committed 2944K, reserved 1048576K
}
Event: 2.244 GC heap before
{Heap before GC invocations=4 (full 1):
 PSYoungGen      total 38400K, used 4918K [0x00000000d5c00000, 0x00000000da700000, 0x0000000100000000)
  eden space 33280K, 0% used [0x00000000d5c00000,0x00000000d5c00000,0x00000000d7c80000)
  from space 5120K, 96% used [0x00000000d7c80000,0x00000000d814dbe8,0x00000000d8180000)
  to   space 5120K, 0% used [0x00000000da200000,0x00000000da200000,0x00000000da700000)
 ParOldGen       total 87552K, used 1580K [0x0000000081400000, 0x0000000086980000, 0x00000000d5c00000)
  object space 87552K, 1% used [0x0000000081400000,0x000000008158b1f0,0x0000000086980000)
 Metaspace       used 20889K, capacity 21058K, committed 21296K, reserved 1067008K
  class space    used 2857K, capacity 2929K, committed 2944K, reserved 1048576K
Event: 2.278 GC heap after
Heap after GC invocations=4 (full 1):
 PSYoungGen      total 38400K, used 0K [0x00000000d5c00000, 0x00000000da700000, 0x0000000100000000)
  eden space 33280K, 0% used [0x00000000d5c00000,0x00000000d5c00000,0x00000000d7c80000)
  from space 5120K, 0% used [0x00000000d7c80000,0x00000000d7c80000,0x00000000d8180000)
  to   space 5120K, 0% used [0x00000000da200000,0x00000000da200000,0x00000000da700000)
 ParOldGen       total 59392K, used 4868K [0x0000000081400000, 0x0000000084e00000, 0x00000000d5c00000)
  object space 59392K, 8% used [0x0000000081400000,0x00000000818c11f8,0x0000000084e00000)
 Metaspace       used 20889K, capacity 21058K, committed 21296K, reserved 1067008K
  class space    used 2857K, capacity 2929K, committed 2944K, reserved 1048576K
}
Event: 6.700 GC heap before
{Heap before GC invocations=5 (full 1):
 PSYoungGen      total 38400K, used 33280K [0x00000000d5c00000, 0x00000000da700000, 0x0000000100000000)
  eden space 33280K, 100% used [0x00000000d5c00000,0x00000000d7c80000,0x00000000d7c80000)
  from space 5120K, 0% used [0x00000000d7c80000,0x00000000d7c80000,0x00000000d8180000)
  to   space 5120K, 0% used [0x00000000da200000,0x00000000da200000,0x00000000da700000)
 ParOldGen       total 59392K, used 4868K [0x0000000081400000, 0x0000000084e00000, 0x00000000d5c00000)
  object space 59392K, 8% used [0x0000000081400000,0x00000000818c11f8,0x0000000084e00000)
 Metaspace       used 29081K, capacity 29470K, committed 29824K, reserved 1075200K
  class space    used 4071K, capacity 4167K, committed 4224K, reserved 1048576K
Event: 6.707 GC heap after
Heap after GC invocations=5 (full 1):
 PSYoungGen      total 51200K, used 4912K [0x00000000d5c00000, 0x00000000da700000, 0x0000000100000000)
  eden space 46080K, 0% used [0x00000000d5c00000,0x00000000d5c00000,0x00000000d8900000)
  from space 5120K, 95% used [0x00000000da200000,0x00000000da6cc0c0,0x00000000da700000)
  to   space 5120K, 0% used [0x00000000d9d00000,0x00000000d9d00000,0x00000000da200000)
 ParOldGen       total 59392K, used 4876K [0x0000000081400000, 0x0000000084e00000, 0x00000000d5c00000)
  object space 59392K, 8% used [0x0000000081400000,0x00000000818c31f8,0x0000000084e00000)
 Metaspace       used 29081K, capacity 29470K, committed 29824K, reserved 1075200K
  class space    used 4071K, capacity 4167K, committed 4224K, reserved 1048576K
}
Event: 55.521 GC heap before
{Heap before GC invocations=6 (full 1):
 PSYoungGen      total 51200K, used 50992K [0x00000000d5c00000, 0x00000000da700000, 0x0000000100000000)
  eden space 46080K, 100% used [0x00000000d5c00000,0x00000000d8900000,0x00000000d8900000)
  from space 5120K, 95% used [0x00000000da200000,0x00000000da6cc0c0,0x00000000da700000)
  to   space 5120K, 0% used [0x00000000d9d00000,0x00000000d9d00000,0x00000000da200000)
 ParOldGen       total 59392K, used 4876K [0x0000000081400000, 0x0000000084e00000, 0x00000000d5c00000)
  object space 59392K, 8% used [0x0000000081400000,0x00000000818c31f8,0x0000000084e00000)
 Metaspace       used 29841K, capacity 30174K, committed 30464K, reserved 1075200K
  class space    used 4120K, capacity 4231K, committed 4352K, reserved 1048576K
Event: 55.531 GC heap after
Heap after GC invocations=6 (full 1):
 PSYoungGen      total 65536K, used 4552K [0x00000000d5c00000, 0x00000000da480000, 0x0000000100000000)
  eden space 60928K, 0% used [0x00000000d5c00000,0x00000000d5c00000,0x00000000d9780000)
  from space 4608K, 98% used [0x00000000d9d00000,0x00000000da172080,0x00000000da180000)
  to   space 3072K, 0% used [0x00000000da180000,0x00000000da180000,0x00000000da480000)
 ParOldGen       total 59392K, used 8292K [0x0000000081400000, 0x0000000084e00000, 0x00000000d5c00000)
  object space 59392K, 13% used [0x0000000081400000,0x0000000081c192b8,0x0000000084e00000)
 Metaspace       used 29841K, capacity 30174K, committed 30464K, reserved 1075200K
  class space    used 4120K, capacity 4231K, committed 4352K, reserved 1048576K
}

